app/build/intermediates/manifest_merge_blame_file/debug/manifest-merger-blame-debug-report.txt
1<?xml version="1.0" encoding="utf-8"?>
2<manifest xmlns:android="http://schemas.android.com/apk/res/android"
3    package="org.tensorflow.lite.examples.posenet"
4    android:versionCode="1"
5    android:versionName="1.0" >
6
7    <uses-sdk
7-->src/main/AndroidManifest.xml:12:3-15
8        android:minSdkVersion="21"
8-->src/main/AndroidManifest.xml:12:3-15
9        android:targetSdkVersion="29" />
9-->src/main/AndroidManifest.xml:12:3-15
10
11    <uses-permission android:name="android.permission.CAMERA" />
11-->src/main/AndroidManifest.xml:5:3-63
11-->src/main/AndroidManifest.xml:5:20-60
12    <!-- <uses-feature -->
13    <!-- android:name="android.hardware.camera2" -->
14    <!-- android:required="true" /> -->
15    <uses-feature android:name="android.hardware.camera" />
15-->src/main/AndroidManifest.xml:9:3-58
15-->src/main/AndroidManifest.xml:9:17-55
16    <uses-feature android:name="android.hardware.camera.autofocus" />
16-->src/main/AndroidManifest.xml:10:3-68
16-->src/main/AndroidManifest.xml:10:17-65
17
18    <application
18-->src/main/AndroidManifest.xml:14:3-39:17
19        android:allowBackup="true"
19-->src/main/AndroidManifest.xml:15:7-33
20        android:appComponentFactory="androidx.core.app.CoreComponentFactory"
20-->[androidx.core:core:1.5.0-alpha02] AndroidManifest.xml:24:18-86
21        android:debuggable="true"
22        android:icon="@mipmap/ic_launcher"
22-->src/main/AndroidManifest.xml:16:7-41
23        android:label="@string/app_name"
23-->src/main/AndroidManifest.xml:17:7-39
24        android:roundIcon="@mipmap/ic_launcher_round"
24-->src/main/AndroidManifest.xml:18:7-52
25        android:supportsRtl="true"
25-->src/main/AndroidManifest.xml:19:7-33
26        android:testOnly="true"
27        android:theme="@style/AppTheme" >
27-->src/main/AndroidManifest.xml:20:7-38
28        <activity
28-->src/main/AndroidManifest.xml:22:5-26:16
29            android:name="org.tensorflow.lite.examples.posenet.TestActivity"
29-->src/main/AndroidManifest.xml:23:9-37
30            android:exported="true"
30-->src/main/AndroidManifest.xml:25:9-32
31            android:label="@string/tfe_pn_app_name" >
31-->src/main/AndroidManifest.xml:24:9-48
32        </activity>
33        <activity android:name="org.tensorflow.lite.examples.posenet.StartingActivity" />
33-->src/main/AndroidManifest.xml:27:5-49
33-->src/main/AndroidManifest.xml:27:15-47
34        <activity android:name="org.tensorflow.lite.examples.posenet.LaunchActivity" />
34-->src/main/AndroidManifest.xml:28:5-48
34-->src/main/AndroidManifest.xml:28:15-45
35        <activity android:name="org.tensorflow.lite.examples.posenet.MainActivity" >
35-->src/main/AndroidManifest.xml:29:5-34:16
35-->src/main/AndroidManifest.xml:29:15-43
36            <intent-filter>
36-->src/main/AndroidManifest.xml:30:7-33:23
37                <action android:name="android.intent.action.MAIN" />
37-->src/main/AndroidManifest.xml:31:9-61
37-->src/main/AndroidManifest.xml:31:17-58
38
39                <category android:name="android.intent.category.LAUNCHER" />
39-->src/main/AndroidManifest.xml:32:9-69
39-->src/main/AndroidManifest.xml:32:19-66
40            </intent-filter>
41        </activity>
42        <activity android:name="org.tensorflow.lite.examples.posenet.TutorialActivity" />
42-->src/main/AndroidManifest.xml:35:5-50
42-->src/main/AndroidManifest.xml:35:15-47
43        <activity
43-->src/main/AndroidManifest.xml:36:5-71
44            android:name="org.tensorflow.lite.examples.posenet.CameraActivity"
44-->src/main/AndroidManifest.xml:36:15-45
45            android:exported="true" />
45-->src/main/AndroidManifest.xml:36:46-69
46        <activity
46-->src/main/AndroidManifest.xml:37:5-82
47            android:name="org.tensorflow.lite.examples.posenet.Camera2Activity"
47-->src/main/AndroidManifest.xml:37:15-46
48            android:exported="true" />
48-->src/main/AndroidManifest.xml:37:47-70
49    </application>
50
51</manifest>